{"level":"info","message":"/logout-all-devices - {}","service":"request-logging"}
{"level":"info","message":"/logout-all-devices - {}","service":"request-logging"}
{"level":"info","message":"/logout-all-devices - {}","service":"request-logging"}
{"level":"info","message":"GET /logout-all-devices - {}","service":"request-logging"}
{"level":"info","message":"POST /verify - {\"otp\":73362}","service":"request-logging"}
{"level":"info","message":"POST /verify - {\"otp\":733629}","service":"request-logging"}
{"level":"info","message":"POST /verify - {\"otp\":733629}","service":"request-logging"}
{"level":"info","message":"POST /verify - {\"otp\":733629}","service":"request-logging"}
{"level":"info","message":"POST /verify - {\"otp\":733629}","service":"request-logging"}
{"level":"info","message":"POST /verify - {\"otp\":733629}","service":"request-logging"}
{"level":"info","message":"POST /verify - {\"otp\":733629}","service":"request-logging"}
{"level":"info","message":"POST /verify - {\"otp\":733629}","service":"request-logging"}
{"level":"info","message":"POST /verify - {\"otp\":733629}","service":"request-logging"}
{"level":"info","message":"GET /logout-all-devices - {}","service":"request-logging"}
{"level":"info","message":"POST /verify - {\"otp\":733629}","service":"request-logging"}
{"level":"info","message":"GET /api-docs - {}","service":"request-logging"}
{"level":"info","message":"GET / - {}","service":"request-logging"}
{"level":"info","message":"GET / - {}","service":"request-logging"}
{"level":"info","message":"GET / - {}","service":"request-logging"}
{"level":"info","message":"GET / - {}","service":"request-logging"}
{"level":"info","message":"GET /swagger-ui.css - {}","service":"request-logging"}
{"level":"info","message":"GET /swagger-ui-bundle.js - {}","service":"request-logging"}
{"level":"info","message":"GET /swagger-ui-standalone-preset.js - {}","service":"request-logging"}
{"level":"info","message":"GET /swagger-ui-init.js - {}","service":"request-logging"}
{"level":"info","message":"GET /favicon-32x32.png - {}","service":"request-logging"}
{"level":"info","message":"GET / - {}","service":"request-logging"}
{"level":"info","message":"GET /swagger-ui.css - {}","service":"request-logging"}
{"level":"info","message":"GET /swagger-ui-bundle.js - {}","service":"request-logging"}
{"level":"info","message":"GET /swagger-ui-standalone-preset.js - {}","service":"request-logging"}
{"level":"info","message":"GET /swagger-ui-init.js - {}","service":"request-logging"}
{"level":"info","message":"GET /favicon-32x32.png - {}","service":"request-logging"}
