{"level":"info","message":"Sat Mar 09 2024 22:10:12 GMT+0530 (India Standard Time) Req URL:/api/posts/all?page=1 Req Body:{}","service":"request-logging"}
{"level":"info","message":"Sat Mar 09 2024 23:34:42 GMT+0530 (India Standard Time) Req URL:/api/posts/all?page=1 Req Body:{}","service":"request-logging"}
{"level":"info","message":"Sat Mar 09 2024 23:35:02 GMT+0530 (India Standard Time) Req URL:/api/posts/all Req Body:{}","service":"request-logging"}
{"level":"info","message":"Sat Mar 09 2024 23:36:06 GMT+0530 (India Standard Time) Req URL:/api/posts/2 Req Body:{}","service":"request-logging"}
{"level":"info","message":"Sat Mar 09 2024 23:36:41 GMT+0530 (India Standard Time) Req URL:/api/posts/ Req Body:{}","service":"request-logging"}
{"level":"info","message":"Sat Mar 09 2024 23:36:54 GMT+0530 (India Standard Time) Req URL:/api/posts/1 Req Body:{}","service":"request-logging"}
{"level":"info","message":"Sat Mar 09 2024 23:37:11 GMT+0530 (India Standard Time) Req URL:/api/posts/all Req Body:{}","service":"request-logging"}
{"level":"info","message":"Sat Mar 09 2024 23:37:32 GMT+0530 (India Standard Time) Req URL:/api/posts/all Req Body:{}","service":"request-logging"}
{"level":"info","message":"Sat Mar 09 2024 23:37:52 GMT+0530 (India Standard Time) Req URL:/api/posts/1 Req Body:{}","service":"request-logging"}
{"level":"info","message":"Sat Mar 09 2024 23:37:56 GMT+0530 (India Standard Time) Req URL:/api/posts/2 Req Body:{}","service":"request-logging"}
{"level":"info","message":"Sat Mar 09 2024 23:38:00 GMT+0530 (India Standard Time) Req URL:/api/posts/3 Req Body:{}","service":"request-logging"}
{"level":"info","message":"Sat Mar 09 2024 23:38:05 GMT+0530 (India Standard Time) Req URL:/api/posts/4 Req Body:{}","service":"request-logging"}
{"level":"info","message":"Sat Mar 09 2024 23:38:26 GMT+0530 (India Standard Time) Req URL:/api/posts/all Req Body:{}","service":"request-logging"}
{"level":"info","message":"Sat Mar 09 2024 23:38:38 GMT+0530 (India Standard Time) Req URL:/api/posts/2 Req Body:{}","service":"request-logging"}
{"level":"info","message":"Sat Mar 09 2024 23:38:45 GMT+0530 (India Standard Time) Req URL:/api/posts/3 Req Body:{}","service":"request-logging"}
{"level":"info","message":"Sat Mar 09 2024 23:38:51 GMT+0530 (India Standard Time) Req URL:/api/posts/all Req Body:{}","service":"request-logging"}
{"level":"info","message":"Sat Mar 09 2024 23:39:21 GMT+0530 (India Standard Time) Req URL:/api/posts/1 Req Body:{}","service":"request-logging"}
{"level":"info","message":"Sat Mar 09 2024 23:39:25 GMT+0530 (India Standard Time) Req URL:/api/posts/all Req Body:{}","service":"request-logging"}
{"level":"info","message":"Sat Mar 09 2024 23:39:33 GMT+0530 (India Standard Time) Req URL:/api/posts/1 Req Body:{}","service":"request-logging"}
{"level":"info","message":"Sat Mar 09 2024 23:39:35 GMT+0530 (India Standard Time) Req URL:/api/posts/1 Req Body:{}","service":"request-logging"}
{"level":"info","message":"Sat Mar 09 2024 23:39:50 GMT+0530 (India Standard Time) Req URL:/api/posts/1 Req Body:{\"userId\":3}","service":"request-logging"}
{"level":"info","message":"Sat Mar 09 2024 23:39:54 GMT+0530 (India Standard Time) Req URL:/api/posts/all Req Body:{}","service":"request-logging"}
{"level":"info","message":"Sat Mar 09 2024 23:40:09 GMT+0530 (India Standard Time) Req URL:/api/posts/1 Req Body:{\"userId\":3}","service":"request-logging"}
{"level":"info","message":"Sat Mar 09 2024 23:40:12 GMT+0530 (India Standard Time) Req URL:/api/posts/1 Req Body:{\"userId\":3}","service":"request-logging"}
{"level":"info","message":"Sat Mar 09 2024 23:40:15 GMT+0530 (India Standard Time) Req URL:/api/posts/2 Req Body:{\"userId\":3}","service":"request-logging"}
{"level":"info","message":"Sat Mar 09 2024 23:40:19 GMT+0530 (India Standard Time) Req URL:/api/posts/0 Req Body:{\"userId\":3}","service":"request-logging"}
{"level":"info","message":"Sat Mar 09 2024 23:40:23 GMT+0530 (India Standard Time) Req URL:/api/posts/1 Req Body:{\"userId\":3}","service":"request-logging"}
{"level":"info","message":"Sat Mar 09 2024 23:41:29 GMT+0530 (India Standard Time) Req URL:/api/posts/1 Req Body:{\"userId\":3}","service":"request-logging"}
{"level":"info","message":"Sat Mar 09 2024 23:41:58 GMT+0530 (India Standard Time) Req URL:/api/posts/all Req Body:{}","service":"request-logging"}
{"level":"info","message":"Sat Mar 09 2024 23:42:16 GMT+0530 (India Standard Time) Req URL:/api/posts/1/save Req Body:{}","service":"request-logging"}
{"level":"info","message":"Sat Mar 09 2024 23:42:20 GMT+0530 (India Standard Time) Req URL:/api/posts/1/save Req Body:{}","service":"request-logging"}
{"level":"info","message":"Sat Mar 09 2024 23:42:26 GMT+0530 (India Standard Time) Req URL:/api/posts/2/save Req Body:{}","service":"request-logging"}
{"level":"info","message":"Sat Mar 09 2024 23:42:29 GMT+0530 (India Standard Time) Req URL:/api/posts/all Req Body:{}","service":"request-logging"}
{"level":"info","message":"Sat Mar 09 2024 23:42:44 GMT+0530 (India Standard Time) Req URL:/api/posts/1 Req Body:{}","service":"request-logging"}
{"level":"info","message":"Sat Mar 09 2024 23:42:58 GMT+0530 (India Standard Time) Req URL:/api/posts/2/save Req Body:{}","service":"request-logging"}
{"level":"info","message":"Sat Mar 09 2024 23:43:03 GMT+0530 (India Standard Time) Req URL:/api/posts/1/archive Req Body:{}","service":"request-logging"}
{"level":"info","message":"Sat Mar 09 2024 23:43:07 GMT+0530 (India Standard Time) Req URL:/api/posts/1/archive Req Body:{}","service":"request-logging"}
{"level":"info","message":"Sat Mar 09 2024 23:43:16 GMT+0530 (India Standard Time) Req URL:/api/posts/1/archive Req Body:{}","service":"request-logging"}
{"level":"info","message":"Sat Mar 09 2024 23:43:21 GMT+0530 (India Standard Time) Req URL:/api/posts/1/archieve Req Body:{}","service":"request-logging"}
{"level":"info","message":"Sat Mar 09 2024 23:43:26 GMT+0530 (India Standard Time) Req URL:/api/posts/2/archieve Req Body:{}","service":"request-logging"}
{"level":"info","message":"Sat Mar 09 2024 23:43:30 GMT+0530 (India Standard Time) Req URL:/api/posts/all Req Body:{}","service":"request-logging"}
{"level":"info","message":"Sat Mar 09 2024 23:43:54 GMT+0530 (India Standard Time) Req URL:/api/posts/2/save Req Body:{}","service":"request-logging"}
{"level":"info","message":"Sat Mar 09 2024 23:43:56 GMT+0530 (India Standard Time) Req URL:/api/posts/2/archieve Req Body:{}","service":"request-logging"}
{"level":"info","message":"Sat Mar 09 2024 23:44:09 GMT+0530 (India Standard Time) Req URL:/api/posts/1/bookmark Req Body:{}","service":"request-logging"}
{"level":"info","message":"Sat Mar 09 2024 23:44:14 GMT+0530 (India Standard Time) Req URL:/api/posts/1/bookmark Req Body:{}","service":"request-logging"}
{"level":"info","message":"Sat Mar 09 2024 23:44:18 GMT+0530 (India Standard Time) Req URL:/api/posts/2/bookmark Req Body:{}","service":"request-logging"}
{"level":"info","message":"Sat Mar 09 2024 23:44:21 GMT+0530 (India Standard Time) Req URL:/api/posts/all Req Body:{}","service":"request-logging"}
{"level":"info","message":"Sat Mar 09 2024 23:45:00 GMT+0530 (India Standard Time) Req URL:/api/posts/filter?caption=sunset Req Body:{}","service":"request-logging"}
{"level":"info","message":"Sat Mar 09 2024 23:45:16 GMT+0530 (India Standard Time) Req URL:/api/posts/filter?caption=meal Req Body:{}","service":"request-logging"}
{"level":"info","message":"Sat Mar 09 2024 23:46:07 GMT+0530 (India Standard Time) Req URL:/api/comments/1 Req Body:{}","service":"request-logging"}
{"level":"info","message":"Sat Mar 09 2024 23:46:12 GMT+0530 (India Standard Time) Req URL:/api/comments/2 Req Body:{}","service":"request-logging"}
{"level":"info","message":"Sat Mar 09 2024 23:46:20 GMT+0530 (India Standard Time) Req URL:/api/comments/ Req Body:{}","service":"request-logging"}
{"level":"info","message":"Sat Mar 09 2024 23:46:25 GMT+0530 (India Standard Time) Req URL:/api/comments/1 Req Body:{}","service":"request-logging"}
{"level":"info","message":"Sat Mar 09 2024 23:46:38 GMT+0530 (India Standard Time) Req URL:/api/comments/2 Req Body:{}","service":"request-logging"}
{"level":"info","message":"Sat Mar 09 2024 23:47:12 GMT+0530 (India Standard Time) Req URL:/api/comments/2 Req Body:{}","service":"request-logging"}
{"level":"info","message":"Sat Mar 09 2024 23:47:18 GMT+0530 (India Standard Time) Req URL:/api/comments/3 Req Body:{}","service":"request-logging"}
{"level":"info","message":"Sat Mar 09 2024 23:48:12 GMT+0530 (India Standard Time) Req URL:/api/comments/3?page=1 Req Body:{}","service":"request-logging"}
{"level":"info","message":"Sat Mar 09 2024 23:48:19 GMT+0530 (India Standard Time) Req URL:/api/comments/3?page=2 Req Body:{}","service":"request-logging"}
{"level":"info","message":"Sat Mar 09 2024 23:48:41 GMT+0530 (India Standard Time) Req URL:/api/comments/3?page=2 Req Body:{}","service":"request-logging"}
{"level":"info","message":"Sat Mar 09 2024 23:48:47 GMT+0530 (India Standard Time) Req URL:/api/comments/3?page=1 Req Body:{}","service":"request-logging"}
{"level":"info","message":"Sat Mar 09 2024 23:48:57 GMT+0530 (India Standard Time) Req URL:/api/comments/3 Req Body:{}","service":"request-logging"}
{"level":"info","message":"Sat Mar 09 2024 23:49:03 GMT+0530 (India Standard Time) Req URL:/api/comments/1 Req Body:{}","service":"request-logging"}
{"level":"info","message":"Sat Mar 09 2024 23:54:46 GMT+0530 (India Standard Time) Req URL:/api/comments/pages/1 Req Body:{}","service":"request-logging"}
{"level":"info","message":"Sat Mar 09 2024 23:54:52 GMT+0530 (India Standard Time) Req URL:/api/comments/1 Req Body:{}","service":"request-logging"}
{"level":"info","message":"Sat Mar 09 2024 23:54:57 GMT+0530 (India Standard Time) Req URL:/api/comments/2 Req Body:{}","service":"request-logging"}
{"level":"info","message":"Sat Mar 09 2024 23:55:14 GMT+0530 (India Standard Time) Req URL:/api/comments/3 Req Body:{}","service":"request-logging"}
{"level":"info","message":"Sun Mar 10 2024 00:00:23 GMT+0530 (India Standard Time) Req URL:/api/docs/ Req Body:{}","service":"request-logging"}
{"level":"info","message":"Sun Mar 10 2024 00:00:23 GMT+0530 (India Standard Time) Req URL:/api/docs/swagger-ui.css Req Body:{}","service":"request-logging"}
{"level":"info","message":"Sun Mar 10 2024 00:00:23 GMT+0530 (India Standard Time) Req URL:/api/docs/swagger-ui-bundle.js Req Body:{}","service":"request-logging"}
{"level":"info","message":"Sun Mar 10 2024 00:00:23 GMT+0530 (India Standard Time) Req URL:/api/docs/swagger-ui-standalone-preset.js Req Body:{}","service":"request-logging"}
{"level":"info","message":"Sun Mar 10 2024 00:00:23 GMT+0530 (India Standard Time) Req URL:/api/docs/swagger-ui-init.js Req Body:{}","service":"request-logging"}
{"level":"info","message":"Sun Mar 10 2024 00:00:24 GMT+0530 (India Standard Time) Req URL:/api/docs/favicon-32x32.png Req Body:{}","service":"request-logging"}
{"level":"info","message":"Sun Mar 10 2024 00:00:51 GMT+0530 (India Standard Time) Req URL:/api/comments/pages/1 Req Body:{}","service":"request-logging"}
{"level":"info","message":"Sun Mar 10 2024 00:00:58 GMT+0530 (India Standard Time) Req URL:/api/comments/pages/2 Req Body:{}","service":"request-logging"}
{"level":"info","message":"Sun Mar 10 2024 00:02:27 GMT+0530 (India Standard Time) Req URL:/api/docs/ Req Body:{}","service":"request-logging"}
{"level":"info","message":"Sun Mar 10 2024 00:02:28 GMT+0530 (India Standard Time) Req URL:/api/docs/swagger-ui.css Req Body:{}","service":"request-logging"}
{"level":"info","message":"Sun Mar 10 2024 00:02:28 GMT+0530 (India Standard Time) Req URL:/api/docs/swagger-ui-bundle.js Req Body:{}","service":"request-logging"}
{"level":"info","message":"Sun Mar 10 2024 00:02:28 GMT+0530 (India Standard Time) Req URL:/api/docs/swagger-ui-standalone-preset.js Req Body:{}","service":"request-logging"}
{"level":"info","message":"Sun Mar 10 2024 00:02:28 GMT+0530 (India Standard Time) Req URL:/api/docs/swagger-ui-init.js Req Body:{}","service":"request-logging"}
{"level":"info","message":"Sun Mar 10 2024 00:02:29 GMT+0530 (India Standard Time) Req URL:/api/docs/favicon-32x32.png Req Body:{}","service":"request-logging"}
{"level":"info","message":"Sun Mar 10 2024 00:02:34 GMT+0530 (India Standard Time) Req URL:/api/comments/pages/%7Bid%7D?page=2 Req Body:{}","service":"request-logging"}
{"level":"info","message":"Sun Mar 10 2024 00:02:41 GMT+0530 (India Standard Time) Req URL:/api/comments/pages/%7Bid%7D?page=1 Req Body:{}","service":"request-logging"}
{"level":"info","message":"Sun Mar 10 2024 00:03:00 GMT+0530 (India Standard Time) Req URL:/api/comments/pages/%7Bid%7D?page=1 Req Body:{}","service":"request-logging"}
{"level":"info","message":"Sun Mar 10 2024 00:03:21 GMT+0530 (India Standard Time) Req URL:/api/comments/pages/%7Bid%7D?page=1 Req Body:{}","service":"request-logging"}
{"level":"info","message":"Sun Mar 10 2024 00:03:28 GMT+0530 (India Standard Time) Req URL:/api/comments/pages/%7Bid%7D?page=3 Req Body:{}","service":"request-logging"}
{"level":"info","message":"Sun Mar 10 2024 00:03:34 GMT+0530 (India Standard Time) Req URL:/api/comments/pages/%7Bid%7D?page=1 Req Body:{}","service":"request-logging"}
{"level":"info","message":"Sun Mar 10 2024 00:03:37 GMT+0530 (India Standard Time) Req URL:/api/comments/pages/%7Bid%7D?page=2 Req Body:{}","service":"request-logging"}
